
Circuit 1 cell sky130_fd_pr__cap_mim_m3_1 and Circuit 2 cell sky130_fd_pr__cap_mim_m3_1 are black boxes.
Equate elements:  no current cell.
Device classes sky130_fd_pr__cap_mim_m3_1 and sky130_fd_pr__cap_mim_m3_1 are equivalent.

Circuit 1 cell sky130_fd_pr__nfet_01v8 and Circuit 2 cell sky130_fd_pr__nfet_01v8 are black boxes.
Equate elements:  no current cell.
Device classes sky130_fd_pr__nfet_01v8 and sky130_fd_pr__nfet_01v8 are equivalent.

Circuit 1 cell sky130_fd_pr__pfet_01v8 and Circuit 2 cell sky130_fd_pr__pfet_01v8 are black boxes.
Equate elements:  no current cell.
Device classes sky130_fd_pr__pfet_01v8 and sky130_fd_pr__pfet_01v8 are equivalent.

Circuit 1 cell sky130_fd_pr__res_xhigh_po_0p35 and Circuit 2 cell sky130_fd_pr__res_xhigh_po_0p35 are black boxes.
Equate elements:  no current cell.
Device classes sky130_fd_pr__res_xhigh_po_0p35 and sky130_fd_pr__res_xhigh_po_0p35 are equivalent.

Circuit 1 cell sky130_fd_pr__res_high_po_0p35 and Circuit 2 cell sky130_fd_pr__res_high_po_0p35 are black boxes.
Equate elements:  no current cell.
Device classes sky130_fd_pr__res_high_po_0p35 and sky130_fd_pr__res_high_po_0p35 are equivalent.

Circuit 1 cell sky130_fd_pr__pnp_05v5_W3p40L3p40 and Circuit 2 cell sky130_fd_pr__pnp_05v5_W3p40L3p40 are black boxes.
Equate elements:  no current cell.
Device classes sky130_fd_pr__pnp_05v5_W3p40L3p40 and sky130_fd_pr__pnp_05v5_W3p40L3p40 are equivalent.

Circuit 1 cell sky130_fd_pr__res_generic_po and Circuit 2 cell sky130_fd_pr__res_generic_po are black boxes.
Equate elements:  no current cell.
Device classes sky130_fd_pr__res_generic_po and sky130_fd_pr__res_generic_po are equivalent.
Flattening unmatched subcell pll_bgr_magic_flat in circuit project_magic.spice (0)(1 instance)
Flattening unmatched subcell pll_bgr_magic_5_flat in circuit project_3.spice (1)(1 instance)

Class project_magic.spice (0):  Merged 227 parallel devices.
Class project_magic.spice (0):  Merged 6 series devices.
Class project_3.spice (1):  Merged 227 parallel devices.
Subcircuit summary:
Circuit 1: project_magic.spice             |Circuit 2: project_3.spice                 
-------------------------------------------|-------------------------------------------
sky130_fd_pr__cap_mim_m3_1 (66->9)         |sky130_fd_pr__cap_mim_m3_1 (66->9)         
sky130_fd_pr__nfet_01v8 (165->105)         |sky130_fd_pr__nfet_01v8 (165->105)         
sky130_fd_pr__pfet_01v8 (207->104)         |sky130_fd_pr__pfet_01v8 (207->104)         
sky130_fd_pr__res_xhigh_po_0p35 (14->8)    |sky130_fd_pr__res_xhigh_po_0p35 (8)        
sky130_fd_pr__res_high_po_0p35 (2)         |sky130_fd_pr__res_high_po_0p35 (2)         
sky130_fd_pr__pnp_05v5_W3p40L3p40 (9->2)   |sky130_fd_pr__pnp_05v5_W3p40L3p40 (9->2)   
sky130_fd_pr__res_generic_po (1)           |sky130_fd_pr__res_generic_po (1)           
Number of devices: 231                     |Number of devices: 231                     
Number of nets: 117                        |Number of nets: 117                        
---------------------------------------------------------------------------------------
Netlists match uniquely with property errors.
pll_bgr_magic_flat_0/sky130_fd_pr__pfet_01v8:322 vs. pll_bgr_magic_5_flat_0/sky130_fd_pr__pfet_01v8:355:
 w circuit1: 1   circuit2: 2   (delta=66.7%, cutoff=1%)
pll_bgr_magic_flat_0/sky130_fd_pr__pfet_01v8:252 vs. pll_bgr_magic_5_flat_0/sky130_fd_pr__pfet_01v8:186:
 w circuit1: 1   circuit2: 2   (delta=66.7%, cutoff=1%)
pll_bgr_magic_flat_0/sky130_fd_pr__pfet_01v8:225 vs. pll_bgr_magic_5_flat_0/sky130_fd_pr__pfet_01v8:377:
 w circuit1: 1   circuit2: 2   (delta=66.7%, cutoff=1%)
pll_bgr_magic_flat_0/sky130_fd_pr__nfet_01v8:424 vs. pll_bgr_magic_5_flat_0/sky130_fd_pr__nfet_01v8:430:
 w circuit1: 0.5   circuit2: 1   (delta=66.7%, cutoff=1%)
pll_bgr_magic_flat_0/sky130_fd_pr__nfet_01v8:362 vs. pll_bgr_magic_5_flat_0/sky130_fd_pr__nfet_01v8:141:
 w circuit1: 0.5   circuit2: 1   (delta=66.7%, cutoff=1%)
pll_bgr_magic_flat_0/sky130_fd_pr__nfet_01v8:152 vs. pll_bgr_magic_5_flat_0/sky130_fd_pr__nfet_01v8:115:
 w circuit1: 0.5   circuit2: 1   (delta=66.7%, cutoff=1%)
Cells have no pins;  pin matching not needed.
Device classes project_magic.spice and project_3.spice are equivalent.

Final result: Circuits match uniquely.
Property errors were found.

The following cells had property errors:
 project_magic.spice
